Arguments: 
  /usr/local/Cellar/node@14/14.17.0/bin/node /usr/local/bin/yarn add bcrypt cors dotenv express express-rate-limiter helmet hpp jsonwebtoken morgan mysql2 passport passport-jwt passport-local sequelize uuid validator xss-clean

PATH: 
  /usr/local/opt/mysql-client/bin:/usr/local/bin:/usr/bin:/bin:/usr/sbin:/sbin:/Users/fahmialfareza/.composer/vendor/bin:/Library/Apple/usr/bin:/Applications/Wireshark.app/Contents/MacOS:/usr/local/opt/mysql-client/bin:/Applications/Visual Studio Code.app/Contents/Resources/app/bin:/Users/fahmialfareza/Library/Android/sdk/platform-tools/:/Applications/Visual Studio Code.app/Contents/Resources/app/bin:/Users/fahmialfareza/Library/Android/sdk/platform-tools/

Yarn version: 
  1.22.10

Node version: 
  14.17.0

Platform: 
  darwin x64

Trace: 
  Error: connect ENETUNREACH 104.16.17.35:443
      at TCPConnectWrap.afterConnect [as oncomplete] (net.js:1146:16)

npm manifest: 
  {
    "name": "auth-service",
    "version": "1.0.0",
    "description": "This is auth microservice",
    "main": "index.js",
    "scripts": {
      "test": "echo \"Error: no test specified\" && exit 1"
    },
    "keywords": [
      "Auth",
      "Microservice"
    ],
    "author": "Reza",
    "license": "MIT"
  }

yarn manifest: 
  No manifest

Lockfile: 
  No lockfile
